###############################################################################
###############################################################################

RK45 LOGFILE

Tolerance:	0.01 * y_n

###############################################################################
###############################################################################

###############################################################################
Current time of time step:	0.0
###############################################################################

t:		  0.0
y_n:	  1.0
Δt:		  0.5
tol:	  0.01
k:		  [0.1        0.22592473 0.29004911 0.56086414 0.59747689 0.35296475]
y5_(n+1): 1.1757718131983619
y4_(n+1): 1.1755452976415814
lte:	  0.00022651555678043778
lte_tol:  0.01
Δt_opt:	  1.0654078337195831

###############################################################################
Optimized Δt 0 times...
###############################################################################

###############################################################################
Current time of time step:	1.0654078337195831
###############################################################################

t:		  1.0654078337195831
y_n:	  1.1757718131983619
Δt:		  1.0654078337195831
tol:	  0.01
k:		  [0.99256363 1.11558085 1.15532103 1.11771123 1.0873649  1.17559448]
y5_(n+1): 2.3796454641678766
y4_(n+1): 2.3777001762037964
lte:	  0.0019452879640802223
lte_tol:  0.011757718131983619
Δt_opt:	  1.5252786909219587

###############################################################################
Optimized Δt 0 times...
###############################################################################

###############################################################################
Current time of time step:	2.5906865246415416
###############################################################################

t:		  2.5906865246415416
y_n:	  2.3796454641678766
Δt:		  1.5252786909219587
tol:	  0.01
k:		  [ 0.76142406  0.4357739   0.24647473 -0.50879692 -0.59942505  0.06438038]
y5_(n+1): 2.487756220163887
y4_(n+1): 2.487254366615113
lte:	  0.0005018535487741893
lte_tol:  0.023796454641678767
Δt_opt:	  3.2968693937357556

###############################################################################
Optimized Δt 0 times...
###############################################################################

###############################################################################
Current time of time step:	5.887555918377297
###############################################################################

t:		  5.887555918377297
y_n:	  2.487756220163887
Δt:		  3.2968693937357556
tol:	  0.01
k:		  [-0.13661341  0.6531026   1.05021965  1.12747714  1.07996737  1.23469066]
y5_(n+1): 5.61982780158979
y4_(n+1): 5.608657706263071
lte:	  0.011170095326718865
lte_tol:  0.02487756220163887
Δt_opt:	  3.8656045100189687

###############################################################################
Optimized Δt 0 times...
###############################################################################

###############################################################################
Current time of time step:	9.753160428396265
###############################################################################

t:		  9.753160428396265
y_n:	  5.61982780158979
Δt:		  3.8656045100189687
tol:	  0.01
k:		  [ 0.23947043 -0.37702447 -0.44894222  1.23001377  1.44186669 -0.22604816]
y5_(n+1): 6.20036258783794
y4_(n+1): 6.207675412050141
lte:	  -0.007312824212200475
lte_tol:  0.0561982780158979
Δt_opt:	  5.8064472165879195

###############################################################################
Optimized Δt 0 times...
###############################################################################

###############################################################################
Current time of time step:	15.559607644984185
###############################################################################

t:		  15.559607644984185
y_n:	  6.20036258783794
Δt:		  5.8064472165879195
tol:	  0.01
k:		  [ 0.76784828 -0.23292608 -0.27302495  1.8069112   1.84009262  0.2407456 ]
y5_(n+1): 9.34385924080884
y4_(n+1): 9.328318011175863
lte:	  0.015541229632976439
lte_tol:  0.062003625878379404
Δt_opt:	  7.650015455956176

###############################################################################
Optimized Δt 0 times...
###############################################################################
