###############################################################################
###############################################################################

RK45 LOGFILE

Tolerance:	0.1 * y_n

###############################################################################
###############################################################################

###############################################################################
Current time of time step:	0.0
###############################################################################

t:		  0.0
y_n:	  1.0
Δt:		  0.5
tol:	  0.1
k:		  [0.1        0.22592473 0.29004911 0.56086414 0.59747689 0.35296475]
y5_(n+1): 1.1757718131983619
y4_(n+1): 1.1755452976415814
lte:	  0.00022651555678043778
lte_tol:  0.1
Δt_opt:	  1.688557622856909

###############################################################################
Optimized Δt 0 times...
###############################################################################

###############################################################################
Current time of time step:	1.688557622856909
###############################################################################

t:		  1.688557622856909
y_n:	  1.1757718131983619
Δt:		  1.688557622856909
tol:	  0.1
k:		  [ 1.11065133  1.02222188  0.91473212  0.12432618 -0.01180214  0.77572017]
y5_(n+1): 2.3571272894675595
y4_(n+1): 2.3546538780767454
lte:	  0.0024734113908140287
lte_tol:  0.11757718131983619
Δt_opt:	  3.651629539349489

###############################################################################
Optimized Δt 0 times...
###############################################################################

###############################################################################
Current time of time step:	5.340187162206398
###############################################################################

t:		  5.340187162206398
y_n:	  2.3571272894675595
Δt:		  3.651629539349489
tol:	  0.1
k:		  [-0.57361001  0.15326123  0.64537808  1.30548885  1.37424924  0.93455678]
y5_(n+1): 4.965585034230159
y4_(n+1): 4.9530299740948145
lte:	  0.012555060135344576
lte_tol:  0.23571272894675596
Δt_opt:	  6.55790389023782

###############################################################################
Optimized Δt 0 times...
###############################################################################

###############################################################################
Current time of time step:	11.898091052444219
###############################################################################

t:		  11.898091052444219
y_n:	  4.965585034230159
Δt:		  6.55790389023782
tol:	  0.1
k:		  [-0.12307805  1.30194161  1.7049904   0.55856012  1.06400589  1.1635652 ]
y5_(n+1): 11.54824496215783
y4_(n+1): 11.557762780647998
lte:	  -0.00951781849016875
lte_tol:  0.49655850342301594
Δt_opt:	  14.448312847841716

###############################################################################
Optimized Δt 0 times...
###############################################################################
