###############################################################################
###############################################################################

RK45 LOGFILE

Tolerance:	0.001 * y_n

###############################################################################
###############################################################################

###############################################################################
Current time of time step:	0.0
###############################################################################

t:		  0.0
y_n:	  1.0
Δt:		  0.5
tol:	  0.001
k:		  [0.1        0.22592473 0.29004911 0.56086414 0.59747689 0.35296475]
y5_(n+1): 1.1757718131983619
y4_(n+1): 1.1755452976415814
lte:	  0.00022651555678043778
lte_tol:  0.001
Δt_opt:	  0.6722268975521034

###############################################################################
Optimized Δt 0 times...
###############################################################################

###############################################################################
Current time of time step:	0.6722268975521034
###############################################################################

t:		  0.6722268975521034
y_n:	  1.1757718131983619
Δt:		  0.6722268975521034
tol:	  0.001
k:		  [0.74030712 0.87485094 0.93698946 1.13937335 1.15880209 0.992644  ]
y5_(n+1): 1.83335044575345
y4_(n+1): 1.8323654192796508
lte:	  0.0009850264737991665
lte_tol:  0.0011757718131983619
Δt_opt:	  0.6957551061664163

###############################################################################
Optimized Δt 0 times...
###############################################################################

###############################################################################
Current time of time step:	1.3679820037185197
###############################################################################

t:		  1.3679820037185197
y_n:	  1.83335044575345
Δt:		  0.6957551061664163
tol:	  0.001
k:		  [1.16283862 1.20314445 1.21277619 1.16536271 1.14763843 1.21446279]
y5_(n+1): 2.6645317333958025
y4_(n+1): 2.6632128615380064
lte:	  0.0013188718577961112
lte_tol:  0.00183335044575345
Δt_opt:	  0.74238718745408

###############################################################################
Optimized Δt 0 times...
###############################################################################

###############################################################################
Current time of time step:	2.1103691911726
###############################################################################

t:		  2.1103691911726
y_n:	  2.6645317333958025
Δt:		  0.74238718745408
tol:	  0.001
k:		  [1.12438138 1.03570823 0.97960939 0.66847059 0.61729696 0.91803484]
y5_(n+1): 3.3343636164763515
y4_(n+1): 3.333227988911895
lte:	  0.0011356275644565095
lte_tol:  0.002664531733395803
Δt_opt:	  0.879575148868127

###############################################################################
Optimized Δt 0 times...
###############################################################################

###############################################################################
Current time of time step:	2.989944340040727
###############################################################################

t:		  2.989944340040727
y_n:	  3.3343636164763515
Δt:		  0.879575148868127
tol:	  0.001
k:		  [ 0.4845041   0.27589779  0.16700591 -0.27316271 -0.32909118  0.06195603]
y5_(n+1): 3.3935850616997887
y4_(n+1): 3.393362250279285
lte:	  0.00022281142050362135
lte_tol:  0.0033343636164763516
Δt_opt:	  1.5095709889084878

###############################################################################
Optimized Δt 0 times...
###############################################################################

###############################################################################
Current time of time step:	4.499515328949215
###############################################################################

t:		  4.499515328949215
y_n:	  3.3935850616997887
Δt:		  1.5095709889084878
tol:	  0.001
k:		  [-0.63806933 -0.671219   -0.63643461 -0.11272583 -0.00216712 -0.56635116]
y5_(n+1): 2.664186763550611
y4_(n+1): 2.66578001514023
lte:	  -0.0015932515896190935
lte_tol:  0.0033935850616997887
Δt_opt:	  1.754259774122207

###############################################################################
Optimized Δt 0 times...
###############################################################################

###############################################################################
Current time of time step:	6.253775103071423
###############################################################################

t:		  6.253775103071423
y_n:	  2.664186763550611
Δt:		  1.754259774122207
tol:	  0.001
k:		  [0.23701271 0.6746472  0.89148401 1.43429337 1.46232651 1.06792211]
y5_(n+1): 4.404963711843468
y4_(n+1): 4.402235736390514
lte:	  0.0027279754529541123
lte_tol:  0.002664186763550611
Δt_opt:	  1.7442319394763093

t:		  6.253775103071423
y_n:	  2.664186763550611
Δt:		  1.7442319394763093
tol:	  0.001
k:		  [0.23701271 0.67228651 0.88810951 1.43286153 1.4617512  1.06420351]
y5_(n+1): 4.390638950107829
y4_(n+1): 4.387942515765527
lte:	  0.0026964343423019344
lte_tol:  0.002664186763550611
Δt_opt:	  1.7382998245395322

t:		  6.253775103071423
y_n:	  2.664186763550611
Δt:		  1.7382998245395322
tol:	  0.001
k:		  [0.23701271 0.67088883 0.88610994 1.43197618 1.46136762 1.06199484]
y5_(n+1): 4.382164862377879
y4_(n+1): 4.379486956197385
lte:	  0.002677906180493572
lte_tol:  0.002664186763550611
Δt_opt:	  1.7347785208455297

t:		  6.253775103071423
y_n:	  2.664186763550611
Δt:		  1.7347785208455297
tol:	  0.001
k:		  [0.23701271 0.67005876 0.88492183 1.43143718 1.46112472 1.06068066]
y5_(n+1): 4.377134728180971
y4_(n+1): 4.3744677747079255
lte:	  0.0026669534730459077
lte_tol:  0.002664186763550611
Δt_opt:	  1.7326840195521531

t:		  6.253775103071423
y_n:	  2.664186763550611
Δt:		  1.7326840195521531
tol:	  0.001
k:		  [0.23701271 0.66956489 0.88421473 1.43111182 1.46097487 1.05989787]
y5_(n+1): 4.3741428139017
y4_(n+1): 4.371482359129436
lte:	  0.0026604547722639538
lte_tol:  0.002664186763550611
Δt_opt:	  1.731436686663723

t:		  6.253775103071423
y_n:	  2.664186763550611
Δt:		  1.731436686663723
tol:	  0.001
k:		  [0.23701271 0.66927072 0.88379348 1.43091638 1.46088372 1.05943132]
y5_(n+1): 4.372361070187966
y4_(n+1): 4.369704479889028
lte:	  0.0026565902989386103
lte_tol:  0.002664186763550611
Δt_opt:	  1.7306933316879163

t:		  6.253775103071423
y_n:	  2.664186763550611
Δt:		  1.7306933316879163
tol:	  0.001
k:		  [0.23701271 0.66909539 0.88354238 1.4307993  1.46082872 1.05915313]
y5_(n+1): 4.371299239330467
y4_(n+1): 4.36864495007153
lte:	  0.0026542892589374034
lte_tol:  0.002664186763550611
Δt_opt:	  1.73025013545822

t:		  6.253775103071423
y_n:	  2.664186763550611
Δt:		  1.73025013545822
tol:	  0.001
k:		  [0.23701271 0.66899085 0.88339266 1.43072929 1.46079569 1.05898723]
y5_(n+1): 4.370666167843337
y4_(n+1): 4.368013249773843
lte:	  0.0026529180694945254
lte_tol:  0.002664186763550611
Δt_opt:	  1.7299858296677733

t:		  6.253775103071423
y_n:	  2.664186763550611
Δt:		  1.7299858296677733
tol:	  0.001
k:		  [0.23701271 0.6689285  0.88330336 1.43068746 1.46077591 1.05888827]
y5_(n+1): 4.3702886287777485
y4_(n+1): 4.367636528180505
lte:	  0.002652100597243745
lte_tol:  0.002664186763550611
Δt_opt:	  1.7298281835160174

t:		  6.253775103071423
y_n:	  2.664186763550611
Δt:		  1.7298281835160174
tol:	  0.001
k:		  [0.23701271 0.66889132 0.8832501  1.43066248 1.46076408 1.05882924]
y5_(n+1): 4.370063444692894
y4_(n+1): 4.3674118315895285
lte:	  0.002651613103365591
lte_tol:  0.002664186763550611
Δt_opt:	  1.7297341463623215

t:		  6.253775103071423
y_n:	  2.664186763550611
Δt:		  1.7297341463623215
tol:	  0.001
k:		  [0.23701271 0.66886913 0.88321833 1.43064757 1.46075701 1.05879403]
y5_(n+1): 4.369929120805617
y4_(n+1): 4.367277798463967
lte:	  0.0026513223416504417
lte_tol:  0.002664186763550611
Δt_opt:	  1.7296780494339432

t:		  6.253775103071423
y_n:	  2.664186763550611
Δt:		  1.7296780494339432
tol:	  0.001
k:		  [0.23701271 0.6688559  0.88319937 1.43063868 1.46075279 1.05877302]
y5_(n+1): 4.369848991287364
y4_(n+1): 4.367197842385276
lte:	  0.002651148902088174
lte_tol:  0.002664186763550611
Δt_opt:	  1.7296445842891301

t:		  6.253775103071423
y_n:	  2.664186763550611
Δt:		  1.7296445842891301
tol:	  0.001
k:		  [0.23701271 0.66884801 0.88318806 1.43063337 1.46075027 1.05876049]
y5_(n+1): 4.369801189298863
y4_(n+1): 4.3671501438596865
lte:	  0.0026510454391761584
lte_tol:  0.002664186763550611
Δt_opt:	  1.7296246199609626

t:		  6.253775103071423
y_n:	  2.664186763550611
Δt:		  1.7296246199609626
tol:	  0.001
k:		  [0.23701271 0.6688433  0.88318132 1.4306302  1.46074877 1.05875301]
y5_(n+1): 4.36977267203608
y4_(n+1): 4.367121688318408
lte:	  0.0026509837176726947
lte_tol:  0.002664186763550611
Δt_opt:	  1.7296127096890528

t:		  6.253775103071423
y_n:	  2.664186763550611
Δt:		  1.7296127096890528
tol:	  0.001
k:		  [0.23701271 0.66884049 0.88317729 1.43062831 1.46074787 1.05874855]
y5_(n+1): 4.369755659277304
y4_(n+1): 4.367104712380784
lte:	  0.0026509468965203453
lte_tol:  0.002664186763550611
Δt_opt:	  1.7296056042382337

t:		  6.253775103071423
y_n:	  2.664186763550611
Δt:		  1.7296056042382337
tol:	  0.001
k:		  [0.23701271 0.66883881 0.88317489 1.43062718 1.46074734 1.05874589]
y5_(n+1): 4.3697455097769335
y4_(n+1): 4.367094584847056
lte:	  0.0026509249298776183
lte_tol:  0.002664186763550611
Δt_opt:	  1.7296013652385034

t:		  6.253775103071423
y_n:	  2.664186763550611
Δt:		  1.7296013652385034
tol:	  0.001
k:		  [0.23701271 0.66883781 0.88317346 1.43062651 1.46074702 1.0587443 ]
y5_(n+1): 4.369739454745668
y4_(n+1): 4.367088542920678
lte:	  0.0026509118249897767
lte_tol:  0.002664186763550611
Δt_opt:	  1.7295988363121917

t:		  6.253775103071423
y_n:	  2.664186763550611
Δt:		  1.7295988363121917
tol:	  0.001
k:		  [0.23701271 0.66883721 0.88317261 1.43062611 1.46074683 1.05874336]
y5_(n+1): 4.369735842401167
y4_(n+1): 4.367084938394341
lte:	  0.0026509040068258827
lte_tol:  0.002664186763550611
Δt_opt:	  1.7295973275888314

t:		  6.253775103071423
y_n:	  2.664186763550611
Δt:		  1.7295973275888314
tol:	  0.001
k:		  [0.23701271 0.66883686 0.8831721  1.43062587 1.46074671 1.05874279]
y5_(n+1): 4.369733687325158
y4_(n+1): 4.367082787982536
lte:	  0.0026508993426217486
lte_tol:  0.002664186763550611
Δt_opt:	  1.7295964275041775

t:		  6.253775103071423
y_n:	  2.664186763550611
Δt:		  1.7295964275041775
tol:	  0.001
k:		  [0.23701271 0.66883665 0.88317179 1.43062573 1.46074665 1.05874245]
y5_(n+1): 4.36973240163497
y4_(n+1): 4.367081505074948
lte:	  0.0026508965600218204
lte_tol:  0.002664186763550611
Δt_opt:	  1.7295958905250972

t:		  6.253775103071423
y_n:	  2.664186763550611
Δt:		  1.7295958905250972
tol:	  0.001
k:		  [0.23701271 0.66883652 0.88317161 1.43062564 1.46074661 1.05874225]
y5_(n+1): 4.369731634608527
y4_(n+1): 4.367080739708569
lte:	  0.0026508948999586224
lte_tol:  0.002664186763550611
Δt_opt:	  1.7295955701701529

t:		  6.253775103071423
y_n:	  2.664186763550611
Δt:		  1.7295955701701529
tol:	  0.001
k:		  [0.23701271 0.66883644 0.8831715  1.43062559 1.46074658 1.05874213]
y5_(n+1): 4.369731177010232
y4_(n+1): 4.367080283100645
lte:	  0.002650893909587282
lte_tol:  0.002664186763550611
Δt_opt:	  1.729595379050263

t:		  6.253775103071423
y_n:	  2.664186763550611
Δt:		  1.729595379050263
tol:	  0.001
k:		  [0.23701271 0.6688364  0.88317144 1.43062556 1.46074657 1.05874206]
y5_(n+1): 4.369730904012617
y4_(n+1): 4.367080010693874
lte:	  0.0026508933187434636
lte_tol:  0.002664186763550611
Δt_opt:	  1.7295952650304816

t:		  6.253775103071423
y_n:	  2.664186763550611
Δt:		  1.7295952650304816
tol:	  0.001
k:		  [0.23701271 0.66883637 0.8831714  1.43062554 1.46074656 1.05874202]
y5_(n+1): 4.369730741145591
y4_(n+1): 4.367079848179338
lte:	  0.0026508929662529823
lte_tol:  0.002664186763550611
Δt_opt:	  1.729595197007721

t:		  6.253775103071423
y_n:	  2.664186763550611
Δt:		  1.729595197007721
tol:	  0.001
k:		  [0.23701271 0.66883636 0.88317138 1.43062553 1.46074655 1.05874199]
y5_(n+1): 4.369730643981181
y4_(n+1): 4.3670797512252175
lte:	  0.0026508927559634188
lte_tol:  0.002664186763550611
Δt_opt:	  1.7295951564259673

t:		  6.253775103071423
y_n:	  2.664186763550611
Δt:		  1.7295951564259673
tol:	  0.001
k:		  [0.23701271 0.66883635 0.88317136 1.43062553 1.46074655 1.05874198]
y5_(n+1): 4.369730586013787
y4_(n+1): 4.367079693383283
lte:	  0.0026508926305046643
lte_tol:  0.002664186763550611
Δt_opt:	  1.7295951322155183

t:		  6.253775103071423
y_n:	  2.664186763550611
Δt:		  1.7295951322155183
tol:	  0.001
k:		  [0.23701271 0.66883634 0.88317135 1.43062552 1.46074655 1.05874197]
y5_(n+1): 4.369730551431332
y4_(n+1): 4.367079658875674
lte:	  0.002650892555657869
lte_tol:  0.002664186763550611
Δt_opt:	  1.7295951177719424

t:		  6.253775103071423
y_n:	  2.664186763550611
Δt:		  1.7295951177719424
tol:	  0.001
k:		  [0.23701271 0.66883634 0.88317135 1.43062552 1.46074655 1.05874196]
y5_(n+1): 4.3697305307999805
y4_(n+1): 4.367079638288974
lte:	  0.002650892511006475
lte_tol:  0.002664186763550611
Δt_opt:	  1.729595109154995

t:		  6.253775103071423
y_n:	  2.664186763550611
Δt:		  1.729595109154995
tol:	  0.001
k:		  [0.23701271 0.66883633 0.88317135 1.43062552 1.46074655 1.05874196]
y5_(n+1): 4.369730518491444
y4_(n+1): 4.367079626007078
lte:	  0.0026508924843664516
lte_tol:  0.002664186763550611
Δt_opt:	  1.7295951040143456

t:		  6.253775103071423
y_n:	  2.664186763550611
Δt:		  1.7295951040143456
tol:	  0.001
k:		  [0.23701271 0.66883633 0.88317135 1.43062552 1.46074655 1.05874196]
y5_(n+1): 4.369730511148488
y4_(n+1): 4.367079618680013
lte:	  0.002650892468474275
lte_tol:  0.002664186763550611
Δt_opt:	  1.7295951009474904

t:		  6.253775103071423
y_n:	  2.664186763550611
Δt:		  1.7295951009474904
tol:	  0.001
k:		  [0.23701271 0.66883633 0.88317134 1.43062552 1.46074655 1.05874196]
y5_(n+1): 4.369730506767761
y4_(n+1): 4.367079614308766
lte:	  0.002650892458994747
lte_tol:  0.002664186763550611
Δt_opt:	  1.7295950991176334

t:		  6.253775103071423
y_n:	  2.664186763550611
Δt:		  1.7295950991176334
tol:	  0.001
k:		  [0.23701271 0.66883633 0.88317134 1.43062552 1.46074655 1.05874196]
y5_(n+1): 4.369730504153974
y4_(n+1): 4.367079611700637
lte:	  0.0026508924533370504
lte_tol:  0.002664186763550611
Δt_opt:	  1.729595098026058

t:		  6.253775103071423
y_n:	  2.664186763550611
Δt:		  1.729595098026058
tol:	  0.001
k:		  [0.23701271 0.66883633 0.88317134 1.43062552 1.46074655 1.05874196]
y5_(n+1): 4.369730502594757
y4_(n+1): 4.367079610144794
lte:	  0.0026508924499628606
lte_tol:  0.002664186763550611
Δt_opt:	  1.7295950973747856

t:		  6.253775103071423
y_n:	  2.664186763550611
Δt:		  1.7295950973747856
tol:	  0.001
k:		  [0.23701271 0.66883633 0.88317134 1.43062552 1.46074655 1.05874196]
y5_(n+1): 4.369730501664472
y4_(n+1): 4.367079609216524
lte:	  0.002650892447948472
lte_tol:  0.002664186763550611
Δt_opt:	  1.7295950969863738

t:		  6.253775103071423
y_n:	  2.664186763550611
Δt:		  1.7295950969863738
tol:	  0.001
k:		  [0.23701271 0.66883633 0.88317134 1.43062552 1.46074655 1.05874196]
y5_(n+1): 4.369730501109661
y4_(n+1): 4.3670796086629124
lte:	  0.002650892446748543
lte_tol:  0.002664186763550611
Δt_opt:	  1.7295950967545428

t:		  6.253775103071423
y_n:	  2.664186763550611
Δt:		  1.7295950967545428
tol:	  0.001
k:		  [0.23701271 0.66883633 0.88317134 1.43062552 1.46074655 1.05874196]
y5_(n+1): 4.369730500778511
y4_(n+1): 4.36707960833248
lte:	  0.0026508924460308947
lte_tol:  0.002664186763550611
Δt_opt:	  1.7295950966163585

t:		  6.253775103071423
y_n:	  2.664186763550611
Δt:		  1.7295950966163585
tol:	  0.001
k:		  [0.23701271 0.66883633 0.88317134 1.43062552 1.46074655 1.05874196]
y5_(n+1): 4.369730500581127
y4_(n+1): 4.367079608135524
lte:	  0.002650892445603681
lte_tol:  0.002664186763550611
Δt_opt:	  1.7295950965339222

t:		  6.253775103071423
y_n:	  2.664186763550611
Δt:		  1.7295950965339222
tol:	  0.001
k:		  [0.23701271 0.66883633 0.88317134 1.43062552 1.46074655 1.05874196]
y5_(n+1): 4.369730500463374
y4_(n+1): 4.367079608018026
lte:	  0.0026508924453487737
lte_tol:  0.002664186763550611
Δt_opt:	  1.729595096484749

t:		  6.253775103071423
y_n:	  2.664186763550611
Δt:		  1.729595096484749
tol:	  0.001
k:		  [0.23701271 0.66883633 0.88317134 1.43062552 1.46074655 1.05874196]
y5_(n+1): 4.369730500393135
y4_(n+1): 4.367079607947938
lte:	  0.002650892445196895
lte_tol:  0.002664186763550611
Δt_opt:	  1.7295950964553948

t:		  6.253775103071423
y_n:	  2.664186763550611
Δt:		  1.7295950964553948
tol:	  0.001
k:		  [0.23701271 0.66883633 0.88317134 1.43062552 1.46074655 1.05874196]
y5_(n+1): 4.3697305003512055
y4_(n+1): 4.367079607906099
lte:	  0.002650892445106301
lte_tol:  0.002664186763550611
Δt_opt:	  1.7295950964378624

t:		  6.253775103071423
y_n:	  2.664186763550611
Δt:		  1.7295950964378624
tol:	  0.001
k:		  [0.23701271 0.66883633 0.88317134 1.43062552 1.46074655 1.05874196]
y5_(n+1): 4.3697305003261615
y4_(n+1): 4.367079607881109
lte:	  0.002650892445052122
lte_tol:  0.002664186763550611
Δt_opt:	  1.7295950964273996

t:		  6.253775103071423
y_n:	  2.664186763550611
Δt:		  1.7295950964273996
tol:	  0.001
k:		  [0.23701271 0.66883633 0.88317134 1.43062552 1.46074655 1.05874196]
y5_(n+1): 4.369730500311217
y4_(n+1): 4.367079607866197
lte:	  0.0026508924450201476
lte_tol:  0.002664186763550611
Δt_opt:	  1.7295950964211098

t:		  6.253775103071423
y_n:	  2.664186763550611
Δt:		  1.7295950964211098
tol:	  0.001
k:		  [0.23701271 0.66883633 0.88317134 1.43062552 1.46074655 1.05874196]
y5_(n+1): 4.369730500302232
y4_(n+1): 4.367079607857232
lte:	  0.0026508924450006077
lte_tol:  0.002664186763550611
Δt_opt:	  1.7295950964173696

t:		  6.253775103071423
y_n:	  2.664186763550611
Δt:		  1.7295950964173696
tol:	  0.001
k:		  [0.23701271 0.66883633 0.88317134 1.43062552 1.46074655 1.05874196]
y5_(n+1): 4.36973050029689
y4_(n+1): 4.367079607851901
lte:	  0.0026508924449890614
lte_tol:  0.002664186763550611
Δt_opt:	  1.729595096415136

t:		  6.253775103071423
y_n:	  2.664186763550611
Δt:		  1.729595096415136
tol:	  0.001
k:		  [0.23701271 0.66883633 0.88317134 1.43062552 1.46074655 1.05874196]
y5_(n+1): 4.3697305002936995
y4_(n+1): 4.3670796078487175
lte:	  0.002650892444981956
lte_tol:  0.002664186763550611
Δt_opt:	  1.7295950964138296

t:		  6.253775103071423
y_n:	  2.664186763550611
Δt:		  1.7295950964138296
tol:	  0.001
k:		  [0.23701271 0.66883633 0.88317134 1.43062552 1.46074655 1.05874196]
y5_(n+1): 4.3697305002918325
y4_(n+1): 4.367079607846854
lte:	  0.0026508924449784033
lte_tol:  0.002664186763550611
Δt_opt:	  1.729595096412987

t:		  6.253775103071423
y_n:	  2.664186763550611
Δt:		  1.729595096412987
tol:	  0.001
k:		  [0.23701271 0.66883633 0.88317134 1.43062552 1.46074655 1.05874196]
y5_(n+1): 4.36973050029063
y4_(n+1): 4.367079607845654
lte:	  0.0026508924449757387
lte_tol:  0.002664186763550611
Δt_opt:	  1.7295950964124918

t:		  6.253775103071423
y_n:	  2.664186763550611
Δt:		  1.7295950964124918
tol:	  0.001
k:		  [0.23701271 0.66883633 0.88317134 1.43062552 1.46074655 1.05874196]
y5_(n+1): 4.369730500289922
y4_(n+1): 4.367079607844948
lte:	  0.0026508924449739624
lte_tol:  0.002664186763550611
Δt_opt:	  1.7295950964122284

t:		  6.253775103071423
y_n:	  2.664186763550611
Δt:		  1.7295950964122284
tol:	  0.001
k:		  [0.23701271 0.66883633 0.88317134 1.43062552 1.46074655 1.05874196]
y5_(n+1): 4.3697305002895455
y4_(n+1): 4.367079607844572
lte:	  0.002650892444973074
lte_tol:  0.002664186763550611
Δt_opt:	  1.7295950964120808

t:		  6.253775103071423
y_n:	  2.664186763550611
Δt:		  1.7295950964120808
tol:	  0.001
k:		  [0.23701271 0.66883633 0.88317134 1.43062552 1.46074655 1.05874196]
y5_(n+1): 4.369730500289335
y4_(n+1): 4.367079607844362
lte:	  0.002650892444973074
lte_tol:  0.002664186763550611
Δt_opt:	  1.7295950964119333

t:		  6.253775103071423
y_n:	  2.664186763550611
Δt:		  1.7295950964119333
tol:	  0.001
k:		  [0.23701271 0.66883633 0.88317134 1.43062552 1.46074655 1.05874196]
y5_(n+1): 4.3697305002891245
y4_(n+1): 4.367079607844152
lte:	  0.002650892444972186
lte_tol:  0.002664186763550611
Δt_opt:	  1.7295950964119016

t:		  6.253775103071423
y_n:	  2.664186763550611
Δt:		  1.7295950964119016
tol:	  0.001
k:		  [0.23701271 0.66883633 0.88317134 1.43062552 1.46074655 1.05874196]
y5_(n+1): 4.369730500289078
y4_(n+1): 4.367079607844106
lte:	  0.002650892444972186
lte_tol:  0.002664186763550611
Δt_opt:	  1.72959509641187

t:		  6.253775103071423
y_n:	  2.664186763550611
Δt:		  1.72959509641187
tol:	  0.001
k:		  [0.23701271 0.66883633 0.88317134 1.43062552 1.46074655 1.05874196]
y5_(n+1): 4.369730500289034
y4_(n+1): 4.367079607844062
lte:	  0.002650892444972186
lte_tol:  0.002664186763550611
Δt_opt:	  1.7295950964118385

t:		  6.253775103071423
y_n:	  2.664186763550611
Δt:		  1.7295950964118385
tol:	  0.001
k:		  [0.23701271 0.66883633 0.88317134 1.43062552 1.46074655 1.05874196]
y5_(n+1): 4.3697305002889895
y4_(n+1): 4.367079607844017
lte:	  0.002650892444972186
lte_tol:  0.002664186763550611
Δt_opt:	  1.7295950964118068

t:		  6.253775103071423
y_n:	  2.664186763550611
Δt:		  1.7295950964118068
tol:	  0.001
k:		  [0.23701271 0.66883633 0.88317134 1.43062552 1.46074655 1.05874196]
y5_(n+1): 4.369730500288943
y4_(n+1): 4.367079607843971
lte:	  0.002650892444972186
lte_tol:  0.002664186763550611
Δt_opt:	  1.729595096411775

t:		  6.253775103071423
y_n:	  2.664186763550611
Δt:		  1.729595096411775
tol:	  0.001
k:		  [0.23701271 0.66883633 0.88317134 1.43062552 1.46074655 1.05874196]
y5_(n+1): 4.369730500288899
y4_(n+1): 4.367079607843927
lte:	  0.002650892444972186
lte_tol:  0.002664186763550611
Δt_opt:	  1.7295950964117432

t:		  6.253775103071423
y_n:	  2.664186763550611
Δt:		  1.7295950964117432
tol:	  0.001
k:		  [0.23701271 0.66883633 0.88317134 1.43062552 1.46074655 1.05874196]
y5_(n+1): 4.369730500288853
y4_(n+1): 4.367079607843881
lte:	  0.002650892444971298
lte_tol:  0.002664186763550611
Δt_opt:	  1.7295950964118274

###############################################################################
Optimized Δt 56 times...
###############################################################################

###############################################################################
Current time of time step:	7.98337019948325
###############################################################################

t:		  7.98337019948325
y_n:	  4.369730500288853
Δt:		  1.7295950964118274
tol:	  0.001
k:		  [1.42861402 1.34505049 1.23789575 0.44835929 0.31375554 1.09860312]
y5_(n+1): 6.137671034762627
y4_(n+1): 6.134269605163791
lte:	  0.0034014295988358256
lte_tol:  0.0043697305002888525
Δt_opt:	  1.816638721312397

###############################################################################
Optimized Δt 0 times...
###############################################################################

###############################################################################
Current time of time step:	9.800008920795648
###############################################################################

t:		  9.800008920795648
y_n:	  6.137671034762627
Δt:		  1.816638721312397
tol:	  0.001
k:		  [ 0.24727967 -0.11252244 -0.25839515 -0.3220048  -0.26934472 -0.34763755]
y5_(n+1): 5.716333610598104
y4_(n+1): 5.717432817382404
lte:	  -0.0010992067842998665
lte_tol:  0.006137671034762627
Δt_opt:	  2.55987581070609

###############################################################################
Optimized Δt 0 times...
###############################################################################

###############################################################################
Current time of time step:	12.359884731501738
###############################################################################

t:		  12.359884731501738
y_n:	  5.716333610598104
Δt:		  2.55987581070609
tol:	  0.001
k:		  [0.36661166 1.01512963 1.33768922 1.77306296 1.75555153 1.55128176]
y5_(n+1): 9.237459923392237
y4_(n+1): 9.2302922509689
lte:	  0.007167672423337379
lte_tol:  0.005716333610598105
Δt_opt:	  2.444174834906943

t:		  12.359884731501738
y_n:	  5.716333610598104
Δt:		  2.444174834906943
tol:	  0.001
k:		  [0.36661166 0.98764725 1.29982141 1.80187829 1.79664318 1.51745326]
y5_(n+1): 9.044839098725825
y4_(n+1): 9.038422954637078
lte:	  0.006416144088747799
lte_tol:  0.005716333610598105
Δt_opt:	  2.3859780728899023

t:		  12.359884731501738
y_n:	  5.716333610598104
Δt:		  2.3859780728899023
tol:	  0.001
k:		  [0.36661166 0.97369795 1.28036563 1.81267035 1.81362699 1.49928068]
y5_(n+1): 8.94565601932666
y4_(n+1): 8.939593250033495
lte:	  0.00606276929316607
lte_tol:  0.005716333610598105
Δt_opt:	  2.3557068309937015

t:		  12.359884731501738
y_n:	  5.716333610598104
Δt:		  2.3557068309937015
tol:	  0.001
k:		  [0.36661166 0.96641017 1.27014146 1.81727889 1.82144196 1.48952939]
y5_(n+1): 8.89353097589991
y4_(n+1): 8.887645665523527
lte:	  0.005885310376383401
lte_tol:  0.005716333610598105
Δt_opt:	  2.339679493217874

t:		  12.359884731501738
y_n:	  5.716333610598104
Δt:		  2.339679493217874
tol:	  0.001
k:		  [0.36661166 0.96254292 1.2646999  1.8194373  1.82529148 1.48428482]
y5_(n+1): 8.865795603920938
y4_(n+1): 8.860002518545055
lte:	  0.005793085375882967
lte_tol:  0.005716333610598105
Δt_opt:	  2.3311133114482794

t:		  12.359884731501738
y_n:	  5.716333610598104
Δt:		  2.3311133114482794
tol:	  0.001
k:		  [0.36661166 0.96047355 1.26178358 1.82051052 1.8272663  1.48145873]
y5_(n+1): 8.850934424372204
y4_(n+1): 8.845190143408555
lte:	  0.005744280963648762
lte_tol:  0.005716333610598105
Δt_opt:	  2.326511754603758

t:		  12.359884731501738
y_n:	  5.716333610598104
Δt:		  2.326511754603758
tol:	  0.001
k:		  [0.36661166 0.95936123 1.26021473 1.82106385 1.82830325 1.47993402]
y5_(n+1): 8.842940843610524
y4_(n+1): 8.83722263976793
lte:	  0.005718203842594249
lte_tol:  0.005716333610598105
Δt_opt:	  2.324033190403676

t:		  12.359884731501738
y_n:	  5.716333610598104
Δt:		  2.324033190403676
tol:	  0.001
k:		  [0.36661166 0.95876189 1.25936903 1.82135516 1.82885484 1.47911085]
y5_(n+1): 8.838632212961333
y4_(n+1): 8.832928014902937
lte:	  0.005704198058396059
lte_tol:  0.005716333610598105
Δt_opt:	  2.3226961943423645

t:		  12.359884731501738
y_n:	  5.716333610598104
Δt:		  2.3226961943423645
tol:	  0.001
k:		  [0.36661166 0.95843854 1.25891265 1.82151035 1.82915037 1.47866626]
y5_(n+1): 8.836307169834765
y4_(n+1): 8.830610515131028
lte:	  0.005696654703736925
lte_tol:  0.005716333610598105
Δt_opt:	  2.3219744183744324

t:		  12.359884731501738
y_n:	  5.716333610598104
Δt:		  2.3219744183744324
tol:	  0.001
k:		  [0.36661166 0.95826396 1.25866622 1.82159355 1.82930932 1.47842608]
y5_(n+1): 8.83505174637363
y4_(n+1): 8.82935916053799
lte:	  0.005692585835639363
lte_tol:  0.005716333610598105
Δt_opt:	  2.321584602496457

t:		  12.359884731501738
y_n:	  5.716333610598104
Δt:		  2.321584602496457
tol:	  0.001
k:		  [0.36661166 0.95816967 1.25853311 1.82163833 1.82939499 1.47829633]
y5_(n+1): 8.834373645689485
y4_(n+1): 8.828683256370851
lte:	  0.005690389318633748
lte_tol:  0.005716333610598105
Δt_opt:	  2.3213740228222557

t:		  12.359884731501738
y_n:	  5.716333610598104
Δt:		  2.3213740228222557
tol:	  0.001
k:		  [0.36661166 0.95811873 1.2584612  1.82166246 1.82944122 1.47822622]
y5_(n+1): 8.834007312410554
y4_(n+1): 8.828318109367357
lte:	  0.0056892030431967555
lte_tol:  0.005716333610598105
Δt_opt:	  2.3212602529432407

t:		  12.359884731501738
y_n:	  5.716333610598104
Δt:		  2.3212602529432407
tol:	  0.001
k:		  [0.36661166 0.95809121 1.25842235 1.82167549 1.82946619 1.47818833]
y5_(n+1): 8.833809387316276
y4_(n+1): 8.828120825097628
lte:	  0.005688562218647775
lte_tol:  0.005716333610598105
Δt_opt:	  2.3211987823682003

t:		  12.359884731501738
y_n:	  5.716333610598104
Δt:		  2.3211987823682003
tol:	  0.001
k:		  [0.36661166 0.95807634 1.25840136 1.82168253 1.82947967 1.47816786]
y5_(n+1): 8.833702445339602
y4_(n+1): 8.828014229337795
lte:	  0.005688216001807689
lte_tol:  0.005716333610598105
Δt_opt:	  2.3211655682292336

t:		  12.359884731501738
y_n:	  5.716333610598104
Δt:		  2.3211655682292336
tol:	  0.001
k:		  [0.36661166 0.95806831 1.25839001 1.82168632 1.82948695 1.4781568 ]
y5_(n+1): 8.833644661298669
y4_(n+1): 8.827956632359562
lte:	  0.00568802893910636
lte_tol:  0.005716333610598105
Δt_opt:	  2.3211476214209323

t:		  12.359884731501738
y_n:	  5.716333610598104
Δt:		  2.3211476214209323
tol:	  0.001
k:		  [0.36661166 0.95806396 1.25838388 1.82168838 1.82949089 1.47815083]
y5_(n+1): 8.833613438323393
y4_(n+1): 8.827925510458972
lte:	  0.005687927864421738
lte_tol:  0.005716333610598105
Δt_opt:	  2.321137924004472

t:		  12.359884731501738
y_n:	  5.716333610598104
Δt:		  2.321137924004472
tol:	  0.001
k:		  [0.36661166 0.95806162 1.25838057 1.82168949 1.82949301 1.4781476 ]
y5_(n+1): 8.833596567189577
y4_(n+1): 8.827908693939452
lte:	  0.005687873250124653
lte_tol:  0.005716333610598105
Δt_opt:	  2.3211326840520337

t:		  12.359884731501738
y_n:	  5.716333610598104
Δt:		  2.3211326840520337
tol:	  0.001
k:		  [0.36661166 0.95806035 1.25837878 1.82169009 1.82949416 1.47814585]
y5_(n+1): 8.833587450940225
y4_(n+1): 8.827899607200495
lte:	  0.005687843739730525
lte_tol:  0.005716333610598105
Δt_opt:	  2.321129852660136

t:		  12.359884731501738
y_n:	  5.716333610598104
Δt:		  2.321129852660136
tol:	  0.001
k:		  [0.36661166 0.95805967 1.25837782 1.82169041 1.82949478 1.47814491]
y5_(n+1): 8.833582524999576
y4_(n+1): 8.827894697205641
lte:	  0.00568782779393473
lte_tol:  0.005716333610598105
Δt_opt:	  2.3211283227237516

t:		  12.359884731501738
y_n:	  5.716333610598104
Δt:		  2.3211283227237516
tol:	  0.001
k:		  [0.36661166 0.9580593  1.25837729 1.82169058 1.82949512 1.4781444 ]
y5_(n+1): 8.833579863277258
y4_(n+1): 8.827892044099585
lte:	  0.005687819177673248
lte_tol:  0.005716333610598105
Δt_opt:	  2.321127496025333

t:		  12.359884731501738
y_n:	  5.716333610598104
Δt:		  2.321127496025333
tol:	  0.001
k:		  [0.36661166 0.9580591  1.25837701 1.82169068 1.8294953  1.47814412]
y5_(n+1): 8.833578425019983
y4_(n+1): 8.827890610498086
lte:	  0.005687814521897039
lte_tol:  0.005716333610598105
Δt_opt:	  2.3211270493200074

t:		  12.359884731501738
y_n:	  5.716333610598104
Δt:		  2.3211270493200074
tol:	  0.001
k:		  [0.36661166 0.95805899 1.25837686 1.82169073 1.8294954  1.47814398]
y5_(n+1): 8.833577647859597
y4_(n+1): 8.82788983585344
lte:	  0.005687812006156534
lte_tol:  0.005716333610598105
Δt_opt:	  2.321126807943325

t:		  12.359884731501738
y_n:	  5.716333610598104
Δt:		  2.321126807943325
tol:	  0.001
k:		  [0.36661166 0.95805893 1.25837678 1.82169076 1.82949545 1.4781439 ]
y5_(n+1): 8.833577227921893
y4_(n+1): 8.827889417275115
lte:	  0.005687810646778146
lte_tol:  0.005716333610598105
Δt_opt:	  2.3211266775158252

t:		  12.359884731501738
y_n:	  5.716333610598104
Δt:		  2.3211266775158252
tol:	  0.001
k:		  [0.36661166 0.9580589  1.25837673 1.82169077 1.82949548 1.47814385]
y5_(n+1): 8.833577001009228
y4_(n+1): 8.827889191096986
lte:	  0.005687809912242159
lte_tol:  0.005716333610598105
Δt_opt:	  2.3211266070393832

t:		  12.359884731501738
y_n:	  5.716333610598104
Δt:		  2.3211266070393832
tol:	  0.001
k:		  [0.36661166 0.95805888 1.25837671 1.82169078 1.8294955  1.47814383]
y5_(n+1): 8.833576878397066
y4_(n+1): 8.827889068881731
lte:	  0.005687809515334763
lte_tol:  0.005716333610598105
Δt_opt:	  2.3211265689575677

t:		  12.359884731501738
y_n:	  5.716333610598104
Δt:		  2.3211265689575677
tol:	  0.001
k:		  [0.36661166 0.95805887 1.2583767  1.82169078 1.8294955  1.47814382]
y5_(n+1): 8.833576812143809
y4_(n+1): 8.82788900284294
lte:	  0.005687809300868096
lte_tol:  0.005716333610598105
Δt_opt:	  2.321126548380006

t:		  12.359884731501738
y_n:	  5.716333610598104
Δt:		  2.321126548380006
tol:	  0.001
k:		  [0.36661166 0.95805887 1.25837669 1.82169079 1.82949551 1.47814381]
y5_(n+1): 8.83357677634377
y4_(n+1): 8.827888967158792
lte:	  0.005687809184978576
lte_tol:  0.005716333610598105
Δt_opt:	  2.321126537261068

t:		  12.359884731501738
y_n:	  5.716333610598104
Δt:		  2.321126537261068
tol:	  0.001
k:		  [0.36661166 0.95805886 1.25837668 1.82169079 1.82949551 1.47814381]
y5_(n+1): 8.833576756999477
y4_(n+1): 8.827888947877117
lte:	  0.005687809122360221
lte_tol:  0.005716333610598105
Δt_opt:	  2.32112653125289

t:		  12.359884731501738
y_n:	  5.716333610598104
Δt:		  2.32112653125289
tol:	  0.001
k:		  [0.36661166 0.95805886 1.25837668 1.82169079 1.82949551 1.4781438 ]
y5_(n+1): 8.833576746546683
y4_(n+1): 8.82788893745816
lte:	  0.0056878090885224
lte_tol:  0.005716333610598105
Δt_opt:	  2.3211265280064737

t:		  12.359884731501738
y_n:	  5.716333610598104
Δt:		  2.3211265280064737
tol:	  0.001
k:		  [0.36661166 0.95805886 1.25837668 1.82169079 1.82949551 1.4781438 ]
y5_(n+1): 8.833576740898694
y4_(n+1): 8.827888931828454
lte:	  0.005687809070240135
lte_tol:  0.005716333610598105
Δt_opt:	  2.3211265262522116

t:		  12.359884731501738
y_n:	  5.716333610598104
Δt:		  2.3211265262522116
tol:	  0.001
k:		  [0.36661166 0.95805886 1.25837668 1.82169079 1.82949551 1.4781438 ]
y5_(n+1): 8.833576737846695
y4_(n+1): 8.827888928786336
lte:	  0.005687809060358262
lte_tol:  0.005716333610598105
Δt_opt:	  2.321126525304484

t:		  12.359884731501738
y_n:	  5.716333610598104
Δt:		  2.321126525304484
tol:	  0.001
k:		  [0.36661166 0.95805886 1.25837668 1.82169079 1.82949551 1.4781438 ]
y5_(n+1): 8.833576736197877
y4_(n+1): 8.827888927142855
lte:	  0.005687809055022086
lte_tol:  0.005716333610598105
Δt_opt:	  2.321126524792282

t:		  12.359884731501738
y_n:	  5.716333610598104
Δt:		  2.321126524792282
tol:	  0.001
k:		  [0.36661166 0.95805886 1.25837668 1.82169079 1.82949551 1.4781438 ]
y5_(n+1): 8.833576735306767
y4_(n+1): 8.82788892625463
lte:	  0.005687809052137283
lte_tol:  0.005716333610598105
Δt_opt:	  2.321126524515531

t:		  12.359884731501738
y_n:	  5.716333610598104
Δt:		  2.321126524515531
tol:	  0.001
k:		  [0.36661166 0.95805886 1.25837668 1.82169079 1.82949551 1.4781438 ]
y5_(n+1): 8.833576734825286
y4_(n+1): 8.827888925774708
lte:	  0.005687809050577641
lte_tol:  0.005716333610598105
Δt_opt:	  2.3211265243660746

t:		  12.359884731501738
y_n:	  5.716333610598104
Δt:		  2.3211265243660746
tol:	  0.001
k:		  [0.36661166 0.95805886 1.25837668 1.82169079 1.82949551 1.4781438 ]
y5_(n+1): 8.833576734565268
y4_(n+1): 8.82788892551553
lte:	  0.0056878090497374245
lte_tol:  0.005716333610598105
Δt_opt:	  2.321126524285195

t:		  12.359884731501738
y_n:	  5.716333610598104
Δt:		  2.321126524285195
tol:	  0.001
k:		  [0.36661166 0.95805886 1.25837668 1.82169079 1.82949551 1.4781438 ]
y5_(n+1): 8.83357673442456
y4_(n+1): 8.827888925375277
lte:	  0.005687809049282677
lte_tol:  0.005716333610598105
Δt_opt:	  2.32112652424143

t:		  12.359884731501738
y_n:	  5.716333610598104
Δt:		  2.32112652424143
tol:	  0.001
k:		  [0.36661166 0.95805886 1.25837668 1.82169079 1.82949551 1.4781438 ]
y5_(n+1): 8.833576734348418
y4_(n+1): 8.827888925299382
lte:	  0.0056878090490357636
lte_tol:  0.005716333610598105
Δt_opt:	  2.3211265242178176

t:		  12.359884731501738
y_n:	  5.716333610598104
Δt:		  2.3211265242178176
tol:	  0.001
k:		  [0.36661166 0.95805886 1.25837668 1.82169079 1.82949551 1.4781438 ]
y5_(n+1): 8.833576734307337
y4_(n+1): 8.827888925258435
lte:	  0.005687809048902537
lte_tol:  0.005716333610598105
Δt_opt:	  2.321126524205079

t:		  12.359884731501738
y_n:	  5.716333610598104
Δt:		  2.321126524205079
tol:	  0.001
k:		  [0.36661166 0.95805886 1.25837668 1.82169079 1.82949551 1.4781438 ]
y5_(n+1): 8.833576734285176
y4_(n+1): 8.827888925236344
lte:	  0.0056878090488314825
lte_tol:  0.005716333610598105
Δt_opt:	  2.3211265241981396

t:		  12.359884731501738
y_n:	  5.716333610598104
Δt:		  2.3211265241981396
tol:	  0.001
k:		  [0.36661166 0.95805886 1.25837668 1.82169079 1.82949551 1.4781438 ]
y5_(n+1): 8.833576734273104
y4_(n+1): 8.827888925224311
lte:	  0.005687809048792403
lte_tol:  0.005716333610598105
Δt_opt:	  2.32112652419439

t:		  12.359884731501738
y_n:	  5.716333610598104
Δt:		  2.32112652419439
tol:	  0.001
k:		  [0.36661166 0.95805886 1.25837668 1.82169079 1.82949551 1.4781438 ]
y5_(n+1): 8.833576734266579
y4_(n+1): 8.827888925217806
lte:	  0.005687809048772863
lte_tol:  0.005716333610598105
Δt_opt:	  2.321126524192235

t:		  12.359884731501738
y_n:	  5.716333610598104
Δt:		  2.321126524192235
tol:	  0.001
k:		  [0.36661166 0.95805886 1.25837668 1.82169079 1.82949551 1.4781438 ]
y5_(n+1): 8.833576734262829
y4_(n+1): 8.82788892521407
lte:	  0.005687809048758652
lte_tol:  0.005716333610598105
Δt_opt:	  2.3211265241912398

t:		  12.359884731501738
y_n:	  5.716333610598104
Δt:		  2.3211265241912398
tol:	  0.001
k:		  [0.36661166 0.95805886 1.25837668 1.82169079 1.82949551 1.4781438 ]
y5_(n+1): 8.833576734261097
y4_(n+1): 8.827888925212344
lte:	  0.005687809048753323
lte_tol:  0.005716333610598105
Δt_opt:	  2.3211265241906798

t:		  12.359884731501738
y_n:	  5.716333610598104
Δt:		  2.3211265241906798
tol:	  0.001
k:		  [0.36661166 0.95805886 1.25837668 1.82169079 1.82949551 1.4781438 ]
y5_(n+1): 8.833576734260124
y4_(n+1): 8.827888925211374
lte:	  0.00568780904874977
lte_tol:  0.005716333610598105
Δt_opt:	  2.3211265241904098

t:		  12.359884731501738
y_n:	  5.716333610598104
Δt:		  2.3211265241904098
tol:	  0.001
k:		  [0.36661166 0.95805886 1.25837668 1.82169079 1.82949551 1.4781438 ]
y5_(n+1): 8.833576734259653
y4_(n+1): 8.827888925210905
lte:	  0.005687809048747994
lte_tol:  0.005716333610598105
Δt_opt:	  2.321126524190285

t:		  12.359884731501738
y_n:	  5.716333610598104
Δt:		  2.321126524190285
tol:	  0.001
k:		  [0.36661166 0.95805886 1.25837668 1.82169079 1.82949551 1.4781438 ]
y5_(n+1): 8.833576734259438
y4_(n+1): 8.82788892521069
lte:	  0.005687809048747994
lte_tol:  0.005716333610598105
Δt_opt:	  2.3211265241901597

t:		  12.359884731501738
y_n:	  5.716333610598104
Δt:		  2.3211265241901597
tol:	  0.001
k:		  [0.36661166 0.95805886 1.25837668 1.82169079 1.82949551 1.4781438 ]
y5_(n+1): 8.833576734259218
y4_(n+1): 8.82788892521047
lte:	  0.005687809048747994
lte_tol:  0.005716333610598105
Δt_opt:	  2.321126524190035

t:		  12.359884731501738
y_n:	  5.716333610598104
Δt:		  2.321126524190035
tol:	  0.001
k:		  [0.36661166 0.95805886 1.25837668 1.82169079 1.82949551 1.4781438 ]
y5_(n+1): 8.833576734259001
y4_(n+1): 8.827888925210257
lte:	  0.005687809048744441
lte_tol:  0.005716333610598105
Δt_opt:	  2.3211265241901997

###############################################################################
Optimized Δt 47 times...
###############################################################################

###############################################################################
Current time of time step:	14.681011255691939
###############################################################################

t:		  14.681011255691939
y_n:	  8.833576734259001
Δt:		  2.3211265241901997
tol:	  0.001
k:		  [1.73908352 1.41623848 1.16954669 0.16435399 0.05147539 0.926909  ]
y5_(n+1): 10.970678111244105
y4_(n+1): 10.967027427823929
lte:	  0.0036506834201759375
lte_tol:  0.008833576734259002
Δt_opt:	  2.767048587615713

###############################################################################
Optimized Δt 0 times...
###############################################################################

###############################################################################
Current time of time step:	17.44805984330765
###############################################################################

t:		  17.44805984330765
y_n:	  10.970678111244105
Δt:		  2.767048587615713
tol:	  0.001
k:		  [0.1113649  0.45313964 0.77934405 2.34326107 2.54906961 1.12251757]
y5_(n+1): 14.251435461778645
y4_(n+1): 14.247098967459838
lte:	  0.004336494318806672
lte_tol:  0.010970678111244105
Δt_opt:	  3.3281371241072377

###############################################################################
Optimized Δt 0 times...
###############################################################################
